/*C187*/SET SCHEMA PUBLIC
drop table delegacja if exists
drop table tydzien_roboczy if exists
drop table worker if exists
drop sequence hibernate_sequence if exists
create sequence hibernate_sequence start with 1 increment by 1
create table delegacja (id bigint not null, data_do timestamp, data_od timestamp, miejsce varchar(255), pp integer not null, worker_workerid bigint, primary key (id))
create table tydzien_roboczy (id bigint not null, data_do timestamp, data_od timestamp, t integer not null, worker_workerid bigint, primary key (id))
create table worker (workerid bigint not null, haslo varchar(255), imie varchar(255), nazwisko varchar(255), nick varchar(255), primary key (workerid))
alter table delegacja add constraint FKon8qcyiln5c3beodnq8bkbx4w foreign key (worker_workerid) references worker
alter table tydzien_roboczy add constraint FKbprnex3qbltbb7iapf3tc147x foreign key (worker_workerid) references worker
INSERT INTO WORKER VALUES(1,'mk','Pawe\u0142','Pir\u00f3g','pp')
ALTER SEQUENCE PUBLIC.HIBERNATE_SEQUENCE RESTART WITH 2
COMMIT
DELETE FROM WORKER WHERE WORKERID=1
COMMIT
INSERT INTO WORKER VALUES(2,'piesek','Jan','Kowalski','pies')
ALTER SEQUENCE PUBLIC.HIBERNATE_SEQUENCE RESTART WITH 3
COMMIT
INSERT INTO WORKER VALUES(3,'kotek','Pawel','Nowak','kot')
ALTER SEQUENCE PUBLIC.HIBERNATE_SEQUENCE RESTART WITH 4
COMMIT
INSERT INTO WORKER VALUES(4,'aaa','f','dsf','2123d')
ALTER SEQUENCE PUBLIC.HIBERNATE_SEQUENCE RESTART WITH 5
COMMIT
DISCONNECT
/*C189*/SET SCHEMA PUBLIC
DISCONNECT
/*C188*/SET SCHEMA PUBLIC
DISCONNECT
/*C194*/SET SCHEMA PUBLIC
DISCONNECT
/*C192*/SET SCHEMA PUBLIC
DISCONNECT
/*C193*/SET SCHEMA PUBLIC
DISCONNECT
/*C195*/SET SCHEMA PUBLIC
DISCONNECT
/*C196*/SET SCHEMA PUBLIC
DISCONNECT
/*C190*/SET SCHEMA PUBLIC
DISCONNECT
/*C191*/SET SCHEMA PUBLIC
DISCONNECT
/*C197*/SET SCHEMA PUBLIC
alter table delegacja drop constraint FKon8qcyiln5c3beodnq8bkbx4w
alter table tydzien_roboczy drop constraint FKbprnex3qbltbb7iapf3tc147x
drop table delegacja if exists
drop table tydzien_roboczy if exists
drop table worker if exists
drop sequence hibernate_sequence if exists
DISCONNECT
/*C198*/SET SCHEMA PUBLIC
DISCONNECT
/*C199*/SET SCHEMA PUBLIC
DISCONNECT
/*C200*/SET SCHEMA PUBLIC
DISCONNECT
/*C201*/SET SCHEMA PUBLIC
DISCONNECT
/*C202*/SET SCHEMA PUBLIC
DISCONNECT
/*C203*/SET SCHEMA PUBLIC
DISCONNECT
/*C204*/SET SCHEMA PUBLIC
DISCONNECT
/*C205*/SET SCHEMA PUBLIC
DISCONNECT
/*C206*/SET SCHEMA PUBLIC
DISCONNECT
